<?xml version="1.0" encoding="UTF-8"?>
<testng-results ignored="0" total="1" passed="1" failed="0" skipped="0">
  <reporter-output>
  </reporter-output>
  <suite started-at="2023-02-02T21:30:28 IST" name="Default suite" finished-at="2023-02-02T21:30:31 IST" duration-ms="3616">
    <groups>
    </groups>
    <test started-at="2023-02-02T21:30:28 IST" name="Default test" finished-at="2023-02-02T21:30:31 IST" duration-ms="3616">
      <class name="ddpstest.DemoLogin">
        <test-method signature="demoLogin()[pri:0, instance:ddpstest.DemoLogin@56cdfb3b]" started-at="2023-02-02T21:30:28 IST" name="demoLogin" finished-at="2023-02-02T21:30:31 IST" duration-ms="3588" status="PASS">
          <reporter-output>
          </reporter-output>
        </test-method> <!-- demoLogin -->
      </class> <!-- ddpstest.DemoLogin -->
    </test> <!-- Default test -->
  </suite> <!-- Default suite -->
</testng-results>
